<?xml version="1.0" encoding="UTF-8"?>
<testng-results skipped="0" failed="0" ignored="0" total="2" passed="2">
  <reporter-output>
  </reporter-output>
  <suite name="Default suite" duration-ms="26516" started-at="2017-09-19T10:22:50Z" finished-at="2017-09-19T10:23:17Z">
    <groups>
      <group name="Init">
        <method signature="LoginTest.complete()[pri:1, instance:com.credit.test.LoginTest@6f1fba17]" name="complete" class="com.credit.test.LoginTest"/>
        <method signature="LoginTest.login()[pri:0, instance:com.credit.test.LoginTest@6f1fba17]" name="login" class="com.credit.test.LoginTest"/>
      </group> <!-- Init -->
    </groups>
    <test name="Default test" duration-ms="26516" started-at="2017-09-19T10:22:50Z" finished-at="2017-09-19T10:23:17Z">
      <class name="com.credit.test.LoginTest">
        <test-method status="PASS" signature="setUp()[pri:0, instance:com.credit.test.LoginTest@6f1fba17]" name="setUp" is-config="true" duration-ms="1824" started-at="2017-09-19T18:22:48Z" finished-at="2017-09-19T18:22:50Z">
          <reporter-output>
          </reporter-output>
        </test-method> <!-- setUp -->
        <test-method status="PASS" signature="login()[pri:0, instance:com.credit.test.LoginTest@6f1fba17]" name="login" duration-ms="4306" started-at="2017-09-19T18:22:50Z" finished-at="2017-09-19T18:22:54Z">
          <reporter-output>
          </reporter-output>
        </test-method> <!-- login -->
        <test-method status="PASS" signature="complete()[pri:1, instance:com.credit.test.LoginTest@6f1fba17]" name="complete" duration-ms="22171" started-at="2017-09-19T18:22:54Z" finished-at="2017-09-19T18:23:17Z">
          <reporter-output>
          </reporter-output>
        </test-method> <!-- complete -->
        <test-method status="PASS" signature="tearDown()[pri:0, instance:com.credit.test.LoginTest@6f1fba17]" name="tearDown" is-config="true" duration-ms="741" started-at="2017-09-19T18:23:17Z" finished-at="2017-09-19T18:23:17Z">
          <reporter-output>
          </reporter-output>
        </test-method> <!-- tearDown -->
      </class> <!-- com.credit.test.LoginTest -->
    </test> <!-- Default test -->
  </suite> <!-- Default suite -->
</testng-results>
